#
# There is insufficient memory for the Java Runtime Environment to continue.
# Native memory allocation (mmap) failed to map 132120576 bytes. Error detail: G1 virtual space
# Possible reasons:
#   The system is out of physical RAM or swap space
#   This process is running with CompressedOops enabled, and the Java Heap may be blocking the growth of the native heap
# Possible solutions:
#   Reduce memory load on the system
#   Increase physical memory or swap space
#   Check if swap backing store is full
#   Decrease Java heap size (-Xmx/-Xms)
#   Decrease number of Java threads
#   Decrease Java thread stack sizes (-Xss)
#   Set larger code cache with -XX:ReservedCodeCacheSize=
#   JVM is running with Unscaled Compressed Oops mode in which the Java heap is
#     placed in the first 4GB address space. The Java Heap base address is the
#     maximum limit for the native heap growth. Please use -XX:HeapBaseMinAddress
#     to set the Java Heap base and to place the Java Heap above 4GB virtual address.
# This output file may be truncated or incomplete.
#
#  Out of Memory Error (os_windows.cpp:3898), pid=16696, tid=8736
#
# JRE version:  (21.0.6) (build )
# Java VM: OpenJDK 64-Bit Server VM (21.0.6+-13355223-b631.42, mixed mode, sharing, tiered, compressed oops, compressed class ptrs, g1 gc, windows-amd64)
# No core dump will be written. Minidumps are not enabled by default on client versions of Windows
#

---------------  S U M M A R Y ------------

Command Line: git4idea.http.GitAskPassApp Username for 'https://github.com': 

Host: Intel(R) Core(TM) i5-10210U CPU @ 1.60GHz, 8 cores, 7G,  Windows 11 , 64 bit Build 22621 (10.0.22621.5262)
Time: Thu May 22 12:12:59 2025 Hora de verano romance elapsed time: 0.019541 seconds (0d 0h 0m 0s)

---------------  T H R E A D  ---------------

Current thread (0x00000202efb84ea0):  JavaThread "Unknown thread" [_thread_in_vm, id=8736, stack(0x00000032f9b00000,0x00000032f9c00000) (1024K)]

Stack: [0x00000032f9b00000,0x00000032f9c00000]
Native frames: (J=compiled Java code, j=interpreted, Vv=VM code, C=native code)
V  [jvm.dll+0x6d05a9]
V  [jvm.dll+0x85ea73]
V  [jvm.dll+0x860fce]
V  [jvm.dll+0x8616b3]
V  [jvm.dll+0x27e6e6]
V  [jvm.dll+0x6ccf45]
V  [jvm.dll+0x6c09fa]
V  [jvm.dll+0x35535b]
V  [jvm.dll+0x35cfb6]
V  [jvm.dll+0x3aef46]
V  [jvm.dll+0x3af218]
V  [jvm.dll+0x327a2c]
V  [jvm.dll+0x32871b]
V  [jvm.dll+0x8264b9]
V  [jvm.dll+0x3bc118]
V  [jvm.dll+0x80f768]
V  [jvm.dll+0x4502ce]
V  [jvm.dll+0x451a31]
C  [jli.dll+0x52ab]
C  [ucrtbase.dll+0x29333]
C  [KERNEL32.DLL+0x1259d]
C  [ntdll.dll+0x5af58]


---------------  P R O C E S S  ---------------

Threads class SMR info:
_java_thread_list=0x00007ffd19df1848, length=0, elements={
}

Java Threads: ( => current thread )
Total: 0

Other Threads:
  0x00000202f1ef4980 WorkerThread "GC Thread#0"                     [id=22836, stack(0x00000032f9c00000,0x00000032f9d00000) (1024K)]
  0x00000202f1f05460 ConcurrentGCThread "G1 Main Marker"            [id=23468, stack(0x00000032f9d00000,0x00000032f9e00000) (1024K)]
  0x00000202f1f08c90 WorkerThread "G1 Conc#0"                       [id=10544, stack(0x00000032f9e00000,0x00000032f9f00000) (1024K)]

[error occurred during error reporting (printing all threads), id 0xc0000005, EXCEPTION_ACCESS_VIOLATION (0xc0000005) at pc=0x00007ffd195eaa67]
VM state: not at safepoint (not fully initialized)

VM Mutex/Monitor currently owned by a thread:  ([mutex/lock_event])
[0x00007ffd19e5e4a0] Heap_lock - owner thread: 0x00000202efb84ea0

Heap address: 0x0000000082800000, size: 2008 MB, Compressed Oops mode: 32-bit

CDS archive(s) mapped at: [0x0000000000000000-0x0000000000000000-0x0000000000000000), size 0, SharedBaseAddress: 0x0000000800000000, ArchiveRelocationMode: 1.
Narrow klass base: 0x0000000000000000, Narrow klass shift: 0, Narrow klass range: 0x0

GC Precious Log:
 CardTable entry size: 512
 Card Set container configuration: InlinePtr #cards 5 size 8 Array Of Cards #cards 12 size 40 Howl #buckets 4 coarsen threshold 1843 Howl Bitmap #cards 512 size 80 coarsen threshold 460 Card regions per heap region 1 cards per card region 2048

Heap:
 garbage-first heap   total 0K, used 0K [0x0000000082800000, 0x0000000100000000)
  region size 1024K, 0 young (0K), 0 survivors (0K)
 Metaspace       used 0K, committed 0K, reserved 0K
  class space    used 0K, committed 0K, reserved 0K

Heap Regions: E=young(eden), S=young(survivor), O=old, HS=humongous(starts), HC=humongous(continues), CS=collection set, F=free, TAMS=top-at-mark-start, PB=parsable bottom

Card table byte_map: [0x00000202f5710000,0x00000202f5b00000] _byte_map_base: 0x00000202f52fc000

Marking Bits: (CMBitMap*) 0x00000202f1ef5080
 Bits: [0x00000202f5b00000, 0x00000202f7a60000)

GC Heap History (0 events):
No events

Dll operation events (1 events):
Event: 0.011 Loaded shared library D:\AndroidStudio\jbr\bin\java.dll

Deoptimization events (0 events):
No events

Classes loaded (0 events):
No events

Classes unloaded (0 events):
No events

Classes redefined (0 events):
No events

Internal exceptions (0 events):
No events

ZGC Phase Switch (0 events):
No events

VM Operations (0 events):
No events

Memory protections (0 events):
No events

Nmethod flushes (0 events):
No events

Events (0 events):
No events


Dynamic libraries:
0x00007ff700380000 - 0x00007ff70038a000 	D:\AndroidStudio\jbr\bin\java.exe
0x00007ffd8cb90000 - 0x00007ffd8cda7000 	C:\WINDOWS\SYSTEM32\ntdll.dll
0x00007ffd64120000 - 0x00007ffd6413b000 	C:\Program Files\AVG\Antivirus\aswhook.dll
0x00007ffd8a820000 - 0x00007ffd8a8e4000 	C:\WINDOWS\System32\KERNEL32.DLL
0x00007ffd89f80000 - 0x00007ffd8a353000 	C:\WINDOWS\System32\KERNELBASE.dll
0x00007ffd8a5d0000 - 0x00007ffd8a6e1000 	C:\WINDOWS\System32\ucrtbase.dll
0x00007ffd7c510000 - 0x00007ffd7c52b000 	D:\AndroidStudio\jbr\bin\VCRUNTIME140.dll
0x00007ffd68aa0000 - 0x00007ffd68ab8000 	D:\AndroidStudio\jbr\bin\jli.dll
0x00007ffd8b710000 - 0x00007ffd8b8c1000 	C:\WINDOWS\System32\USER32.dll
0x00007ffd8a360000 - 0x00007ffd8a386000 	C:\WINDOWS\System32\win32u.dll
0x00007ffd5edd0000 - 0x00007ffd5f06b000 	C:\WINDOWS\WinSxS\amd64_microsoft.windows.common-controls_6595b64144ccf1df_6.0.22621.5262_none_2712bde373830908\COMCTL32.dll
0x00007ffd8bff0000 - 0x00007ffd8c019000 	C:\WINDOWS\System32\GDI32.dll
0x00007ffd8adc0000 - 0x00007ffd8ae67000 	C:\WINDOWS\System32\msvcrt.dll
0x00007ffd8a6f0000 - 0x00007ffd8a812000 	C:\WINDOWS\System32\gdi32full.dll
0x00007ffd8a500000 - 0x00007ffd8a59a000 	C:\WINDOWS\System32\msvcp_win.dll
0x00007ffd8bac0000 - 0x00007ffd8baf1000 	C:\WINDOWS\System32\IMM32.DLL
0x00007ffd80350000 - 0x00007ffd8035c000 	D:\AndroidStudio\jbr\bin\vcruntime140_1.dll
0x00007ffd15a60000 - 0x00007ffd15aed000 	D:\AndroidStudio\jbr\bin\msvcp140.dll
0x00007ffd192b0000 - 0x00007ffd19f3b000 	D:\AndroidStudio\jbr\bin\server\jvm.dll
0x00007ffd8bc90000 - 0x00007ffd8bd41000 	C:\WINDOWS\System32\ADVAPI32.dll
0x00007ffd8bb00000 - 0x00007ffd8bba7000 	C:\WINDOWS\System32\sechost.dll
0x00007ffd8a5a0000 - 0x00007ffd8a5c8000 	C:\WINDOWS\System32\bcrypt.dll
0x00007ffd8c390000 - 0x00007ffd8c4a4000 	C:\WINDOWS\System32\RPCRT4.dll
0x00007ffd8bc10000 - 0x00007ffd8bc81000 	C:\WINDOWS\System32\WS2_32.dll
0x00007ffd89b50000 - 0x00007ffd89b9d000 	C:\WINDOWS\SYSTEM32\POWRPROF.dll
0x00007ffd81d10000 - 0x00007ffd81d44000 	C:\WINDOWS\SYSTEM32\WINMM.dll
0x00007ffd7c400000 - 0x00007ffd7c40a000 	C:\WINDOWS\SYSTEM32\VERSION.dll
0x00007ffd89b30000 - 0x00007ffd89b43000 	C:\WINDOWS\SYSTEM32\UMPDC.dll
0x00007ffd88c80000 - 0x00007ffd88c98000 	C:\WINDOWS\SYSTEM32\kernel.appcore.dll
0x00007ffd7b980000 - 0x00007ffd7b98a000 	D:\AndroidStudio\jbr\bin\jimage.dll
0x00007ffd7c130000 - 0x00007ffd7c362000 	C:\WINDOWS\SYSTEM32\DBGHELP.DLL
0x00007ffd8c7b0000 - 0x00007ffd8cb43000 	C:\WINDOWS\System32\combase.dll
0x00007ffd8be60000 - 0x00007ffd8bf37000 	C:\WINDOWS\System32\OLEAUT32.dll
0x00007ffd7c0f0000 - 0x00007ffd7c122000 	C:\WINDOWS\SYSTEM32\dbgcore.DLL
0x00007ffd89dc0000 - 0x00007ffd89e3b000 	C:\WINDOWS\System32\bcryptPrimitives.dll
0x00007ffd75280000 - 0x00007ffd752a0000 	D:\AndroidStudio\jbr\bin\java.dll

dbghelp: loaded successfully - version: 4.0.5 - missing functions: none
symbol engine: initialized successfully - sym options: 0x614 - pdb path: .;D:\AndroidStudio\jbr\bin;C:\WINDOWS\SYSTEM32;C:\Program Files\AVG\Antivirus;C:\WINDOWS\WinSxS\amd64_microsoft.windows.common-controls_6595b64144ccf1df_6.0.22621.5262_none_2712bde373830908;D:\AndroidStudio\jbr\bin\server

VM Arguments:
java_command: git4idea.http.GitAskPassApp Username for 'https://github.com': 
java_class_path (initial): D:/AndroidStudio/plugins/vcs-git/lib/git4idea-rt.jar;D:/AndroidStudio/lib/externalProcess-rt.jar
Launcher Type: SUN_STANDARD

[Global flags]
     intx CICompilerCount                          = 4                                         {product} {ergonomic}
     uint ConcGCThreads                            = 2                                         {product} {ergonomic}
     uint G1ConcRefinementThreads                  = 8                                         {product} {ergonomic}
   size_t G1HeapRegionSize                         = 1048576                                   {product} {ergonomic}
    uintx GCDrainStackTargetSize                   = 64                                        {product} {ergonomic}
   size_t InitialHeapSize                          = 132120576                                 {product} {ergonomic}
   size_t MarkStackSize                            = 4194304                                   {product} {ergonomic}
   size_t MaxHeapSize                              = 2105540608                                {product} {ergonomic}
   size_t MinHeapDeltaBytes                        = 1048576                                   {product} {ergonomic}
   size_t MinHeapSize                              = 8388608                                   {product} {ergonomic}
    uintx NonNMethodCodeHeapSize                   = 5839372                                {pd product} {ergonomic}
    uintx NonProfiledCodeHeapSize                  = 122909434                              {pd product} {ergonomic}
    uintx ProfiledCodeHeapSize                     = 122909434                              {pd product} {ergonomic}
    uintx ReservedCodeCacheSize                    = 251658240                              {pd product} {ergonomic}
     bool SegmentedCodeCache                       = true                                      {product} {ergonomic}
   size_t SoftMaxHeapSize                          = 2105540608                             {manageable} {ergonomic}
     bool UseCompressedOops                        = true                           {product lp64_product} {ergonomic}
     bool UseG1GC                                  = true                                      {product} {ergonomic}
     bool UseLargePagesIndividualAllocation        = false                                  {pd product} {ergonomic}

Logging:
Log output configuration:
 #0: stdout all=warning uptime,level,tags foldmultilines=false
 #1: stderr all=off uptime,level,tags foldmultilines=false

Environment Variables:
JAVA_HOME=C:\Program Files (x86)\Java\jdk-21
PATH=C:\Program Files\Git\mingw64\libexec\git-core;C:\Program Files\Git\mingw64\libexec\git-core;C:\Program Files\Git\mingw64\bin;C:\Program Files\Git\usr\bin;C:\Users\pauru\bin;C:\Program Files\Common Files\Oracle\Java\javapath;C:\Program Files (x86)\Common Files\Oracle\Java\java8path;C:\Program Files (x86)\Common Files\Oracle\Java\javapath;C:\WINDOWS\system32;C:\WINDOWS;C:\WINDOWS\System32\Wbem;C:\WINDOWS\System32\WindowsPowerShell\v1.0;C:\WINDOWS\System32\OpenSSH;C:\Program Files\AutoFirma\AutoFirma;C:\Program Files\Git\cmd;D:\nodejs;C:\Users\pauru\.console-ninja\.bin;C:\Users\pauru\AppData\Local\Programs\Python\Python313\Scripts;C:\Users\pauru\AppData\Local\Programs\Python\Python313;C:\Users\pauru\AppData\Local\Programs\Python\Launcher;C:\Users\pauru\AppData\Local\Microsoft\WindowsApps;C:\Program Files (x86)\Java\jdk-21\bin;C:\Users\pauru\AppData\Local\Programs\Microsoft VS Code\bin;C:\Users\pauru\AppData\Local\GitHubDesktop\bin;C:\Program Files\Oracle\instantclient_23_7;C:\Users\pauru\AppData\Roaming\npm;C:\Program Files\JetBrains\WebStorm 2024.3.5\bin
USERNAME=pauru
DISPLAY=:0.0
LC_ALL=en_US.UTF-8
TERM=xterm-256color
TMPDIR=C:\Users\pauru\AppData\Local\Temp
OS=Windows_NT
PROCESSOR_IDENTIFIER=Intel64 Family 6 Model 142 Stepping 12, GenuineIntel
TMP=C:\Users\pauru\AppData\Local\Temp
TEMP=C:\Users\pauru\AppData\Local\Temp




Periodic native trim disabled

JNI global refs:
JNI global refs: 0, weak refs: 0

JNI global refs memory usage: 0, weak refs: 0

Process memory usage:
Resident Set Size: 11900K (0% of 8217904K total physical memory with 396748K free physical memory)

OOME stack traces (most recent first):
Classloader memory used:

---------------  S Y S T E M  ---------------

OS:
 Windows 11 , 64 bit Build 22621 (10.0.22621.5262)
OS uptime: 8 days 0:34 hours
Hyper-V role detected

CPU: total 8 (initial active 8) (4 cores per cpu, 2 threads per core) family 6 model 142 stepping 12 microcode 0xde, cx8, cmov, fxsr, ht, mmx, 3dnowpref, sse, sse2, sse3, ssse3, sse4.1, sse4.2, popcnt, lzcnt, tsc, tscinvbit, avx, avx2, aes, erms, clmul, bmi1, bmi2, adx, fma, vzeroupper, clflush, clflushopt, hv, rdtscp, f16c
Processor Information for the first 8 processors :
  Max Mhz: 2112, Current Mhz: 2112, Mhz Limit: 1605

Memory: 4k page, system-wide physical 8025M (387M free)
TotalPageFile size 16358M (AvailPageFile size 107M)
current process WorkingSet (physical memory assigned to process): 11M, peak: 11M
current process commit charge ("private bytes"): 60M, peak: 186M

vm_info: OpenJDK 64-Bit Server VM (21.0.6+-13355223-b631.42) for windows-amd64 JRE (21.0.6+-13355223-b631.42), built on 2025-04-14T18:21:23Z by "builder" with MS VC++ 16.10 / 16.11 (VS2019)

END.
